This is pdfTeX, Version 3.141592653-2.6-1.40.28 (TeX Live 2025) (preloaded format=pdflatex 2025.8.16)  26 JUN 2026 20:20
entering extended mode
 restricted \write18 enabled.
 %&-line parsing enabled.
**main.tex
(./main.tex
LaTeX2e <2025-06-01> patch level 1
L3 programming layer <2025-08-13>
(/Users/marielalvarez/Library/TinyTeX/texmf-dist/tex/latex/base/article.cls
Document Class: article 2025/01/22 v1.4n Standard LaTeX document class
(/Users/marielalvarez/Library/TinyTeX/texmf-dist/tex/latex/base/size11.clo
File: size11.clo 2025/01/22 v1.4n Standard LaTeX file (size option)
)
\c@part=\count275
\c@section=\count276
\c@subsection=\count277
\c@subsubsection=\count278
\c@paragraph=\count279
\c@subparagraph=\count280
\c@figure=\count281
\c@table=\count282
\abovecaptionskip=\skip49
\belowcaptionskip=\skip50
\bibindent=\dimen148
) (/Users/marielalvarez/Library/TinyTeX/texmf-dist/tex/latex/base/fontenc.sty
Package: fontenc 2024/12/21 v2.1c Standard LaTeX package
) (/Users/marielalvarez/Library/TinyTeX/texmf-dist/tex/latex/base/inputenc.sty
Package: inputenc 2024/02/08 v1.3d Input encoding file
\inpenc@prehook=\toks17
\inpenc@posthook=\toks18
) (/Users/marielalvarez/Library/TinyTeX/texmf-dist/tex/latex/geometry/geometry.sty
Package: geometry 2020/01/02 v5.9 Page Geometry
 (/Users/marielalvarez/Library/TinyTeX/texmf-dist/tex/latex/graphics/keyval.sty
Package: keyval 2022/05/29 v1.15 key=value parser (DPC)
\KV@toks@=\toks19
) (/Users/marielalvarez/Library/TinyTeX/texmf-dist/tex/generic/iftex/ifvtex.sty
Package: ifvtex 2019/10/25 v1.7 ifvtex legacy package. Use iftex instead.
 (/Users/marielalvarez/Library/TinyTeX/texmf-dist/tex/generic/iftex/iftex.sty
Package: iftex 2024/12/12 v1.0g TeX engine tests
))
\Gm@cnth=\count283
\Gm@cntv=\count284
\c@Gm@tempcnt=\count285
\Gm@bindingoffset=\dimen149
\Gm@wd@mp=\dimen150
\Gm@odd@mp=\dimen151
\Gm@even@mp=\dimen152
\Gm@layoutwidth=\dimen153
\Gm@layoutheight=\dimen154
\Gm@layouthoffset=\dimen155
\Gm@layoutvoffset=\dimen156
\Gm@dimlist=\toks20
) (/Users/marielalvarez/Library/TinyTeX/texmf-dist/tex/latex/graphics/graphicx.sty
Package: graphicx 2024/12/31 v1.2e Enhanced LaTeX Graphics (DPC,SPQR)
 (/Users/marielalvarez/Library/TinyTeX/texmf-dist/tex/latex/graphics/graphics.sty
Package: graphics 2024/08/06 v1.4g Standard LaTeX Graphics (DPC,SPQR)
 (/Users/marielalvarez/Library/TinyTeX/texmf-dist/tex/latex/graphics/trig.sty
Package: trig 2023/12/02 v1.11 sin cos tan (DPC)
) (/Users/marielalvarez/Library/TinyTeX/texmf-dist/tex/latex/graphics-cfg/graphics.cfg
File: graphics.cfg 2016/06/04 v1.11 sample graphics configuration
)
Package graphics Info: Driver file: pdftex.def on input line 106.
 (/Users/marielalvarez/Library/TinyTeX/texmf-dist/tex/latex/graphics-def/pdftex.def
File: pdftex.def 2024/04/13 v1.2c Graphics/color driver for pdftex
))
\Gin@req@height=\dimen157
\Gin@req@width=\dimen158
) (/Users/marielalvarez/Library/TinyTeX/texmf-dist/tex/latex/booktabs/booktabs.sty
Package: booktabs 2020/01/12 v1.61803398 Publication quality tables
\heavyrulewidth=\dimen159
\lightrulewidth=\dimen160
\cmidrulewidth=\dimen161
\belowrulesep=\dimen162
\belowbottomsep=\dimen163
\aboverulesep=\dimen164
\abovetopsep=\dimen165
\cmidrulesep=\dimen166
\cmidrulekern=\dimen167
\defaultaddspace=\dimen168
\@cmidla=\count286
\@cmidlb=\count287
\@aboverulesep=\dimen169
\@belowrulesep=\dimen170
\@thisruleclass=\count288
\@lastruleclass=\count289
\@thisrulewidth=\dimen171
) (/Users/marielalvarez/Library/TinyTeX/texmf-dist/tex/latex/amsmath/amsmath.sty
Package: amsmath 2025/06/16 v2.17y AMS math features
\@mathmargin=\skip51

For additional information on amsmath, use the `?' option.
(/Users/marielalvarez/Library/TinyTeX/texmf-dist/tex/latex/amsmath/amstext.sty
Package: amstext 2024/11/17 v2.01 AMS text
 (/Users/marielalvarez/Library/TinyTeX/texmf-dist/tex/latex/amsmath/amsgen.sty
File: amsgen.sty 1999/11/30 v2.0 generic functions
\@emptytoks=\toks21
\ex@=\dimen172
)) (/Users/marielalvarez/Library/TinyTeX/texmf-dist/tex/latex/amsmath/amsbsy.sty
Package: amsbsy 1999/11/29 v1.2d Bold Symbols
\pmbraise@=\dimen173
) (/Users/marielalvarez/Library/TinyTeX/texmf-dist/tex/latex/amsmath/amsopn.sty
Package: amsopn 2022/04/08 v2.04 operator names
)
\inf@bad=\count290
LaTeX Info: Redefining \frac on input line 233.
\uproot@=\count291
\leftroot@=\count292
LaTeX Info: Redefining \overline on input line 398.
LaTeX Info: Redefining \colon on input line 409.
\classnum@=\count293
\DOTSCASE@=\count294
LaTeX Info: Redefining \ldots on input line 495.
LaTeX Info: Redefining \dots on input line 498.
LaTeX Info: Redefining \cdots on input line 619.
\Mathstrutbox@=\box53
\strutbox@=\box54
LaTeX Info: Redefining \big on input line 721.
LaTeX Info: Redefining \Big on input line 722.
LaTeX Info: Redefining \bigg on input line 723.
LaTeX Info: Redefining \Bigg on input line 724.
\big@size=\dimen174
LaTeX Font Info:    Redeclaring font encoding OML on input line 742.
LaTeX Font Info:    Redeclaring font encoding OMS on input line 743.
\macc@depth=\count295
LaTeX Info: Redefining \bmod on input line 904.
LaTeX Info: Redefining \pmod on input line 909.
LaTeX Info: Redefining \smash on input line 939.
LaTeX Info: Redefining \relbar on input line 969.
LaTeX Info: Redefining \Relbar on input line 970.
\c@MaxMatrixCols=\count296
\dotsspace@=\muskip17
\c@parentequation=\count297
\dspbrk@lvl=\count298
\tag@help=\toks22
\row@=\count299
\column@=\count300
\maxfields@=\count301
\andhelp@=\toks23
\eqnshift@=\dimen175
\alignsep@=\dimen176
\tagshift@=\dimen177
\tagwidth@=\dimen178
\totwidth@=\dimen179
\lineht@=\dimen180
\@envbody=\toks24
\multlinegap=\skip52
\multlinetaggap=\skip53
\mathdisplay@stack=\toks25
LaTeX Info: Redefining \[ on input line 2949.
LaTeX Info: Redefining \] on input line 2950.
) (/Users/marielalvarez/Library/TinyTeX/texmf-dist/tex/latex/amsfonts/amssymb.sty
Package: amssymb 2013/01/14 v3.01 AMS font symbols
 (/Users/marielalvarez/Library/TinyTeX/texmf-dist/tex/latex/amsfonts/amsfonts.sty
Package: amsfonts 2013/01/14 v3.01 Basic AMSFonts support
\symAMSa=\mathgroup4
\symAMSb=\mathgroup5
LaTeX Font Info:    Redeclaring math symbol \hbar on input line 98.
LaTeX Font Info:    Overwriting math alphabet `\mathfrak' in version `bold'
(Font)                  U/euf/m/n --> U/euf/b/n on input line 106.
)) (/Users/marielalvarez/Library/TinyTeX/texmf-dist/tex/latex/siunitx/siunitx.sty
Package: siunitx 2025-07-09 v3.4.14 A comprehensive (SI) units package
\l__siunitx_number_uncert_offset_int=\count302
\l__siunitx_number_exponent_fixed_int=\count303
\l__siunitx_number_min_decimal_int=\count304
\l__siunitx_number_min_integer_int=\count305
\l__siunitx_number_round_precision_int=\count306
\l__siunitx_number_lower_threshold_int=\count307
\l__siunitx_number_upper_threshold_int=\count308
\l__siunitx_number_group_first_int=\count309
\l__siunitx_number_group_size_int=\count310
\l__siunitx_number_group_minimum_int=\count311
\l__siunitx_angle_tmp_dim=\dimen181
\l__siunitx_angle_marker_box=\box55
\l__siunitx_angle_unit_box=\box56
\l__siunitx_compound_count_int=\count312
\l__siunitx_table_tmp_box=\box57
\l__siunitx_table_tmp_dim=\dimen182
\l__siunitx_table_column_width_dim=\dimen183
\l__siunitx_table_integer_box=\box58
\l__siunitx_table_decimal_box=\box59
\l__siunitx_table_uncert_box=\box60
\l__siunitx_table_before_box=\box61
\l__siunitx_table_after_box=\box62
\l__siunitx_table_before_dim=\dimen184
\l__siunitx_table_carry_dim=\dimen185
\l__siunitx_unit_tmp_int=\count313
\l__siunitx_unit_position_int=\count314
\l__siunitx_unit_total_int=\count315
 (/Users/marielalvarez/Library/TinyTeX/texmf-dist/tex/latex/tools/array.sty
Package: array 2025/06/08 v2.6j Tabular extension package (FMi)
\col@sep=\dimen186
\ar@mcellbox=\box63
\extrarowheight=\dimen187
\NC@list=\toks26
\extratabsurround=\skip54
\backup@length=\skip55
\ar@cellbox=\box64
)) (/Users/marielalvarez/Library/TinyTeX/texmf-dist/tex/latex/caption/caption.sty
Package: caption 2023/08/05 v3.6o Customizing captions (AR)
 (/Users/marielalvarez/Library/TinyTeX/texmf-dist/tex/latex/caption/caption3.sty
Package: caption3 2023/07/31 v2.4d caption3 kernel (AR)
\caption@tempdima=\dimen188
\captionmargin=\dimen189
\caption@leftmargin=\dimen190
\caption@rightmargin=\dimen191
\caption@width=\dimen192
\caption@indent=\dimen193
\caption@parindent=\dimen194
\caption@hangindent=\dimen195
Package caption Info: Standard document class detected.
)
\c@caption@flags=\count316
\c@continuedfloat=\count317
) (/Users/marielalvarez/Library/TinyTeX/texmf-dist/tex/latex/caption/subcaption.sty
Package: subcaption 2023/07/28 v1.6b Sub-captions (AR)
Package caption Info: New subtype `subfigure' on input line 238.
\c@subfigure=\count318
Package caption Info: New subtype `subtable' on input line 238.
\c@subtable=\count319
) (/Users/marielalvarez/Library/TinyTeX/texmf-dist/tex/latex/hyperref/hyperref.sty
Package: hyperref 2025-07-12 v7.01o Hypertext links for LaTeX
 (/Users/marielalvarez/Library/TinyTeX/texmf-dist/tex/latex/kvsetkeys/kvsetkeys.sty
Package: kvsetkeys 2022-10-05 v1.19 Key value parser (HO)
) (/Users/marielalvarez/Library/TinyTeX/texmf-dist/tex/generic/kvdefinekeys/kvdefinekeys.sty
Package: kvdefinekeys 2019-12-19 v1.6 Define keys (HO)
) (/Users/marielalvarez/Library/TinyTeX/texmf-dist/tex/generic/pdfescape/pdfescape.sty
Package: pdfescape 2019/12/09 v1.15 Implements pdfTeX's escape features (HO)
 (/Users/marielalvarez/Library/TinyTeX/texmf-dist/tex/generic/ltxcmds/ltxcmds.sty
Package: ltxcmds 2023-12-04 v1.26 LaTeX kernel commands for general use (HO)
) (/Users/marielalvarez/Library/TinyTeX/texmf-dist/tex/generic/pdftexcmds/pdftexcmds.sty
Package: pdftexcmds 2020-06-27 v0.33 Utility functions of pdfTeX for LuaTeX (HO)
 (/Users/marielalvarez/Library/TinyTeX/texmf-dist/tex/generic/infwarerr/infwarerr.sty
Package: infwarerr 2019/12/03 v1.5 Providing info/warning/error messages (HO)
)
Package pdftexcmds Info: \pdf@primitive is available.
Package pdftexcmds Info: \pdf@ifprimitive is available.
Package pdftexcmds Info: \pdfdraftmode found.
)) (/Users/marielalvarez/Library/TinyTeX/texmf-dist/tex/latex/hycolor/hycolor.sty
Package: hycolor 2020-01-27 v1.10 Color options for hyperref/bookmark (HO)
) (/Users/marielalvarez/Library/TinyTeX/texmf-dist/tex/latex/hyperref/nameref.sty
Package: nameref 2025-06-21 v2.57 Cross-referencing by name of section
 (/Users/marielalvarez/Library/TinyTeX/texmf-dist/tex/latex/refcount/refcount.sty
Package: refcount 2019/12/15 v3.6 Data extraction from label references (HO)
) (/Users/marielalvarez/Library/TinyTeX/texmf-dist/tex/generic/gettitlestring/gettitlestring.sty
Package: gettitlestring 2019/12/15 v1.6 Cleanup title references (HO)
 (/Users/marielalvarez/Library/TinyTeX/texmf-dist/tex/latex/kvoptions/kvoptions.sty
Package: kvoptions 2022-06-15 v3.15 Key value format for package options (HO)
))
\c@section@level=\count320
) (/Users/marielalvarez/Library/TinyTeX/texmf-dist/tex/latex/etoolbox/etoolbox.sty
Package: etoolbox 2025/02/11 v2.5l e-TeX tools for LaTeX (JAW)
\etb@tempcnta=\count321
) (/Users/marielalvarez/Library/TinyTeX/texmf-dist/tex/generic/stringenc/stringenc.sty
Package: stringenc 2019/11/29 v1.12 Convert strings between diff. encodings (HO)
)
\@linkdim=\dimen196
\Hy@linkcounter=\count322
\Hy@pagecounter=\count323
 (/Users/marielalvarez/Library/TinyTeX/texmf-dist/tex/latex/hyperref/pd1enc.def
File: pd1enc.def 2025-07-12 v7.01o Hyperref: PDFDocEncoding definition (HO)
Now handling font encoding PD1 ...
... no UTF-8 mapping file for font encoding PD1
) (/Users/marielalvarez/Library/TinyTeX/texmf-dist/tex/generic/intcalc/intcalc.sty
Package: intcalc 2019/12/15 v1.3 Expandable calculations with integers (HO)
)
\Hy@SavedSpaceFactor=\count324
 (/Users/marielalvarez/Library/TinyTeX/texmf-dist/tex/latex/hyperref/puenc.def
File: puenc.def 2025-07-12 v7.01o Hyperref: PDF Unicode definition (HO)
Now handling font encoding PU ...
... no UTF-8 mapping file for font encoding PU
)
Package hyperref Info: Option `colorlinks' set `true' on input line 4066.
Package hyperref Info: Hyper figures OFF on input line 4195.
Package hyperref Info: Link nesting OFF on input line 4200.
Package hyperref Info: Hyper index ON on input line 4203.
Package hyperref Info: Plain pages OFF on input line 4210.
Package hyperref Info: Backreferencing OFF on input line 4215.
Package hyperref Info: Implicit mode ON; LaTeX internals redefined.
Package hyperref Info: Bookmarks ON on input line 4462.
\c@Hy@tempcnt=\count325
 (/Users/marielalvarez/Library/TinyTeX/texmf-dist/tex/latex/url/url.sty
\Urlmuskip=\muskip18
Package: url 2013/09/16  ver 3.4  Verb mode for urls, etc.
)
LaTeX Info: Redefining \url on input line 4801.
\XeTeXLinkMargin=\dimen197
 (/Users/marielalvarez/Library/TinyTeX/texmf-dist/tex/generic/bitset/bitset.sty
Package: bitset 2019/12/09 v1.3 Handle bit-vector datatype (HO)
 (/Users/marielalvarez/Library/TinyTeX/texmf-dist/tex/generic/bigintcalc/bigintcalc.sty
Package: bigintcalc 2019/12/15 v1.5 Expandable calculations on big integers (HO)
))
\Fld@menulength=\count326
\Field@Width=\dimen198
\Fld@charsize=\dimen199
Package hyperref Info: Hyper figures OFF on input line 6078.
Package hyperref Info: Link nesting OFF on input line 6083.
Package hyperref Info: Hyper index ON on input line 6086.
Package hyperref Info: backreferencing OFF on input line 6093.
Package hyperref Info: Link coloring ON on input line 6096.
Package hyperref Info: Link coloring with OCG OFF on input line 6103.
Package hyperref Info: PDF/A mode OFF on input line 6108.
\Hy@abspage=\count327
\c@Item=\count328
\c@Hfootnote=\count329
)
Package hyperref Info: Driver (autodetected): hpdftex.
 (/Users/marielalvarez/Library/TinyTeX/texmf-dist/tex/latex/hyperref/hpdftex.def
File: hpdftex.def 2025-07-12 v7.01o Hyperref driver for pdfTeX
\Fld@listcount=\count330
\c@bookmark@seq@number=\count331
 (/Users/marielalvarez/Library/TinyTeX/texmf-dist/tex/latex/rerunfilecheck/rerunfilecheck.sty
Package: rerunfilecheck 2025-06-21 v1.11 Rerun checks for auxiliary files (HO)
 (/Users/marielalvarez/Library/TinyTeX/texmf-dist/tex/generic/uniquecounter/uniquecounter.sty
Package: uniquecounter 2019/12/15 v1.4 Provide unlimited unique counter (HO)
)
Package uniquecounter Info: New unique counter `rerunfilecheck' on input line 284.
)
\Hy@SectionHShift=\skip56
) (/Users/marielalvarez/Library/TinyTeX/texmf-dist/tex/latex/cleveref/cleveref.sty
Package: cleveref 2018/03/27 v0.21.4 Intelligent cross-referencing
Package cleveref Info: `hyperref' support loaded on input line 2370.
LaTeX Info: Redefining \cref on input line 2370.
LaTeX Info: Redefining \Cref on input line 2370.
LaTeX Info: Redefining \crefrange on input line 2370.
LaTeX Info: Redefining \Crefrange on input line 2370.
LaTeX Info: Redefining \cpageref on input line 2370.
LaTeX Info: Redefining \Cpageref on input line 2370.
LaTeX Info: Redefining \cpagerefrange on input line 2370.
LaTeX Info: Redefining \Cpagerefrange on input line 2370.
LaTeX Info: Redefining \labelcref on input line 2370.
LaTeX Info: Redefining \labelcpageref on input line 2370.
Package cleveref Info: always capitalise cross-reference names on input line 7825.
Package cleveref Info: include cross-reference names in hyperlinks on input line 7836.
Package cleveref Info: always capitalise cross-reference names on input line 7852.
Package cleveref Info: include cross-reference names in hyperlinks on input line 7852.
)
==> First Aid for cleveref.sty applied!
(/Users/marielalvarez/Library/TinyTeX/texmf-dist/tex/latex/multirow/multirow.sty
Package: multirow 2024/11/12 v2.9 Span multiple rows of a table
\multirow@colwidth=\skip57
\multirow@cntb=\count332
\multirow@dima=\skip58
\bigstrutjot=\dimen256
) (/Users/marielalvarez/Library/TinyTeX/texmf-dist/tex/latex/tools/tabularx.sty
Package: tabularx 2023/12/11 v2.12a `tabularx' package (DPC)
\TX@col@width=\dimen257
\TX@old@table=\dimen258
\TX@old@col=\dimen259
\TX@target=\dimen260
\TX@delta=\dimen261
\TX@cols=\count333
\TX@ftn=\toks27
) (/Users/marielalvarez/Library/TinyTeX/texmf-dist/tex/latex/xcolor/xcolor.sty
Package: xcolor 2024/09/29 v3.02 LaTeX color extensions (UK)
 (/Users/marielalvarez/Library/TinyTeX/texmf-dist/tex/latex/graphics-cfg/color.cfg
File: color.cfg 2016/01/02 v1.6 sample color configuration
)
Package xcolor Info: Driver file: pdftex.def on input line 274.
 (/Users/marielalvarez/Library/TinyTeX/texmf-dist/tex/latex/graphics/mathcolor.ltx)
Package xcolor Info: Model `cmy' substituted by `cmy0' on input line 1349.
Package xcolor Info: Model `hsb' substituted by `rgb' on input line 1353.
Package xcolor Info: Model `RGB' extended on input line 1365.
Package xcolor Info: Model `HTML' substituted by `rgb' on input line 1367.
Package xcolor Info: Model `Hsb' substituted by `hsb' on input line 1368.
Package xcolor Info: Model `tHsb' substituted by `hsb' on input line 1369.
Package xcolor Info: Model `HSB' substituted by `hsb' on input line 1370.
Package xcolor Info: Model `Gray' substituted by `gray' on input line 1371.
Package xcolor Info: Model `wave' substituted by `hsb' on input line 1372.
) (/Users/marielalvarez/Library/TinyTeX/texmf-dist/tex/latex/algorithm2e/algorithm2e.sty
Package: algorithm2e 2017/07/18 v5.2 algorithms environments
\c@AlgoLine=\count334
 (/Users/marielalvarez/Library/TinyTeX/texmf-dist/tex/latex/base/ifthen.sty
Package: ifthen 2024/03/16 v1.1e Standard LaTeX ifthen package (DPC)
)
\algocf@hangindent=\skip59
 (/Users/marielalvarez/Library/TinyTeX/texmf-dist/tex/latex/ifoddpage/ifoddpage.sty
Package: ifoddpage 2022/10/18 v1.2 Conditionals for odd/even page detection
\c@checkoddpage=\count335
) (/Users/marielalvarez/Library/TinyTeX/texmf-dist/tex/latex/tools/xspace.sty
Package: xspace 2014/10/28 v1.13 Space after command names (DPC,MH)
) (/Users/marielalvarez/Library/TinyTeX/texmf-dist/tex/latex/relsize/relsize.sty
Package: relsize 2013/03/29 ver 4.1
)
\skiptotal=\skip60
\skiplinenumber=\skip61
\skiprule=\skip62
\skiphlne=\skip63
\skiptext=\skip64
\skiplength=\skip65
\algomargin=\skip66
\skipalgocfslide=\skip67
\algowidth=\dimen262
\inoutsize=\dimen263
\inoutindent=\dimen264
\interspacetitleruled=\dimen265
\interspacealgoruled=\dimen266
\interspacetitleboxruled=\dimen267
\algocf@ruledwidth=\skip68
\algocf@inoutbox=\box65
\algocf@inputbox=\box66
\AlCapSkip=\skip69
\AlCapHSkip=\skip70
\algoskipindent=\skip71
\algocf@nlbox=\box67
\algocf@hangingbox=\box68
\algocf@untilbox=\box69
\algocf@skipuntil=\skip72
\algocf@capbox=\box70
\algocf@lcaptionbox=\skip73
\algoheightruledefault=\skip74
\algoheightrule=\skip75
\algotitleheightruledefault=\skip76
\algotitleheightrule=\skip77
\c@algocfline=\count336
\c@algocfproc=\count337
\c@algocf=\count338
\algocf@algoframe=\box71
\algocf@algobox=\box72
) (/Users/marielalvarez/Library/TinyTeX/texmf-dist/tex/latex/parskip/parskip.sty
Package: parskip 2021-03-14 v2.0h non-zero parskip adjustments
)

Package siunitx Info: Option "detect-weight" has been deprecated in this
(siunitx)             release.
(siunitx)             
(siunitx)             Use "reset-text-series = false, text-series-to-math =
(siunitx)             true" as a replacement.

 (/Users/marielalvarez/Library/TinyTeX/texmf-dist/tex/latex/l3backend/l3backend-pdftex.def
File: l3backend-pdftex.def 2025-06-09 L3 backend support: PDF output (pdfTeX)
\l__color_backend_stack_int=\count339
) (./main.aux)
\openout1 = `main.aux'.

LaTeX Font Info:    Checking defaults for OML/cmm/m/it on input line 57.
LaTeX Font Info:    ... okay on input line 57.
LaTeX Font Info:    Checking defaults for OMS/cmsy/m/n on input line 57.
LaTeX Font Info:    ... okay on input line 57.
LaTeX Font Info:    Checking defaults for OT1/cmr/m/n on input line 57.
LaTeX Font Info:    ... okay on input line 57.
LaTeX Font Info:    Checking defaults for T1/cmr/m/n on input line 57.
LaTeX Font Info:    ... okay on input line 57.
LaTeX Font Info:    Checking defaults for TS1/cmr/m/n on input line 57.
LaTeX Font Info:    ... okay on input line 57.
LaTeX Font Info:    Checking defaults for OMX/cmex/m/n on input line 57.
LaTeX Font Info:    ... okay on input line 57.
LaTeX Font Info:    Checking defaults for U/cmr/m/n on input line 57.
LaTeX Font Info:    ... okay on input line 57.
LaTeX Font Info:    Checking defaults for PD1/pdf/m/n on input line 57.
LaTeX Font Info:    ... okay on input line 57.
LaTeX Font Info:    Checking defaults for PU/pdf/m/n on input line 57.
LaTeX Font Info:    ... okay on input line 57.

*geometry* driver: auto-detecting
*geometry* detected driver: pdftex
*geometry* verbose mode - [ preamble ] result:
* driver: pdftex
* paper: a4paper
* layout: <same size as paper>
* layoutoffset:(h,v)=(0.0pt,0.0pt)
* modes: 
* h-part:(L,W,R)=(72.26999pt, 452.9679pt, 72.26999pt)
* v-part:(T,H,B)=(72.26999pt, 700.50687pt, 72.26999pt)
* \paperwidth=597.50787pt
* \paperheight=845.04684pt
* \textwidth=452.9679pt
* \textheight=700.50687pt
* \oddsidemargin=0.0pt
* \evensidemargin=0.0pt
* \topmargin=-37.0pt
* \headheight=12.0pt
* \headsep=25.0pt
* \topskip=11.0pt
* \footskip=30.0pt
* \marginparwidth=50.0pt
* \marginparsep=10.0pt
* \columnsep=10.0pt
* \skip\footins=10.0pt plus 4.0pt minus 2.0pt
* \hoffset=0.0pt
* \voffset=0.0pt
* \mag=1000
* \@twocolumnfalse
* \@twosidefalse
* \@mparswitchfalse
* \@reversemarginfalse
* (1in=72.27pt=25.4mm, 1cm=28.453pt)

(/Users/marielalvarez/Library/TinyTeX/texmf-dist/tex/latex/epstopdf-pkg/epstopdf-base.sty
Package: epstopdf-base 2020-01-24 v2.11 Base part for package epstopdf
Package epstopdf-base Info: Redefining graphics rule for `.eps' on input line 485.
 (/Users/marielalvarez/Library/TinyTeX/texmf-dist/tex/latex/latexconfig/epstopdf-sys.cfg
File: epstopdf-sys.cfg 2010/07/13 v1.3 Configuration of (r)epstopdf for TeX Live
))
Package caption Info: Begin \AtBeginDocument code.
Package caption Info: hyperref package is loaded.
Package caption Info: End \AtBeginDocument code.
Package hyperref Info: Link coloring ON on input line 57.
 (./main.out) (./main.out)
\@outlinefile=\write3
\openout3 = `main.out'.

LaTeX Font Info:    Trying to load font information for U+msa on input line 68.
 (/Users/marielalvarez/Library/TinyTeX/texmf-dist/tex/latex/amsfonts/umsa.fd
File: umsa.fd 2013/01/14 v3.01 AMS symbols A
)
LaTeX Font Info:    Trying to load font information for U+msb on input line 68.
 (/Users/marielalvarez/Library/TinyTeX/texmf-dist/tex/latex/amsfonts/umsb.fd
File: umsb.fd 2013/01/14 v3.01 AMS symbols B
) (./abstract.tex) (./introduction.tex

[1

{/Users/marielalvarez/Library/TinyTeX/texmf-var/fonts/map/pdftex/updmap/pdftex.map}]
Overfull \hbox (9.93896pt too wide) in paragraph at lines 26--41
[]\T1/cmr/m/n/10.95 The pipeline com-bines four lay-ers: (\T1/cmr/m/it/10.95 i\T1/cmr/m/n/10.95 ) a pedes-trian street net-work de-rived from Open-StreetMap [[]]
 []

) (./related_work.tex

[2]) (./methodology.tex

[3]
Overfull \hbox (42.13593pt too wide) in paragraph at lines 81--85
[]\T1/cmr/m/n/10.95 The $\OML/cmm/m/it/10.95 K \OT1/cmr/m/n/10.95 = 12$ \T1/cmr/m/n/10.95 neigh-bor count was val-i-dated by com-par-ing eigen-gap sta-bil-ity across $\OML/cmm/m/it/10.95 K \OMS/cmsy/m/n/10.95 2 f\OT1/cmr/m/n/10.95 6\OML/cmm/m/it/10.95 ; \OT1/cmr/m/n/10.95 8\OML/cmm/m/it/10.95 ; \OT1/cmr/m/n/10.95 10\OML/cmm/m/it/10.95 ; \OT1/cmr/m/n/10.95 12\OML/cmm/m/it/10.95 ; \OT1/cmr/m/n/10.95 15\OML/cmm/m/it/10.95 ; \OT1/cmr/m/n/10.95 18\OMS/cmsy/m/n/10.95 g$\T1/cmr/m/n/10.95 :
 []

<figures/spectral_eigengap_decision.png, id=183, 860.013pt x 281.853pt>
File: figures/spectral_eigengap_decision.png Graphic file (type png)
<use figures/spectral_eigengap_decision.png>
Package pdftex.def Info: figures/spectral_eigengap_decision.png  used on input line 89.
(pdftex.def)             Requested size: 221.95676pt x 72.74245pt.
<figures/spectral_silhouette_support.png, id=185, 426.393pt x 281.853pt>
File: figures/spectral_silhouette_support.png Graphic file (type png)
<use figures/spectral_silhouette_support.png>
Package pdftex.def Info: figures/spectral_silhouette_support.png  used on input line 94.
(pdftex.def)             Requested size: 221.95676pt x 146.71492pt.
<figures/graph_spectral_clusters_before_after_merge.png, id=186, 1000.2168pt x 426.393pt>
File: figures/graph_spectral_clusters_before_after_merge.png Graphic file (type png)
<use figures/graph_spectral_clusters_before_after_merge.png>
Package pdftex.def Info: figures/graph_spectral_clusters_before_after_merge.png  used on input line 106.
(pdftex.def)             Requested size: 452.9679pt x 193.10475pt.


[4]

[5 <./figures/spectral_eigengap_decision.png> <./figures/spectral_silhouette_support.png> <./figures/graph_spectral_clusters_before_after_merge.png>]
<figures/mca_explained_components.png, id=224, 860.013pt x 281.853pt>
File: figures/mca_explained_components.png Graphic file (type png)
<use figures/mca_explained_components.png>
Package pdftex.def Info: figures/mca_explained_components.png  used on input line 166.
(pdftex.def)             Requested size: 221.95676pt x 72.74245pt.
<figures/mca_dims_by_cluster_boxplot.png, id=225, 1076.823pt x 281.853pt>
File: figures/mca_dims_by_cluster_boxplot.png Graphic file (type png)
<use figures/mca_dims_by_cluster_boxplot.png>
Package pdftex.def Info: figures/mca_dims_by_cluster_boxplot.png  used on input line 171.
(pdftex.def)             Requested size: 221.95676pt x 58.0942pt.
<figures/mca123_spatial_maps.png, id=226, 1065.7416pt x 353.6412pt>
File: figures/mca123_spatial_maps.png Graphic file (type png)
<use figures/mca123_spatial_maps.png>
Package pdftex.def Info: figures/mca123_spatial_maps.png  used on input line 184.
(pdftex.def)             Requested size: 452.9679pt x 150.309pt.
 (./tables/table_allocation.tex)
Overfull \hbox (29.26949pt too wide) in paragraph at lines 1--227
 [][] 
 []

<figures/fixed_vs_proportional_allocation.png, id=230, 931.8012pt x 367.6134pt>
File: figures/fixed_vs_proportional_allocation.png Graphic file (type png)
<use figures/fixed_vs_proportional_allocation.png>
Package pdftex.def Info: figures/fixed_vs_proportional_allocation.png  used on input line 231.
(pdftex.def)             Requested size: 317.07614pt x 125.09348pt.


[6 <./figures/mca_explained_components.png> <./figures/mca_dims_by_cluster_boxplot.png> <./figures/mca123_spatial_maps.png>]

[7 <./figures/fixed_vs_proportional_allocation.png>] (./tables/table_parameters.tex)
<figures/pareto_frontier_dmax_smin.png, id=256, 714.9912pt x 427.3566pt>
File: figures/pareto_frontier_dmax_smin.png Graphic file (type png)
<use figures/pareto_frontier_dmax_smin.png>
Package pdftex.def Info: figures/pareto_frontier_dmax_smin.png  used on input line 321.
(pdftex.def)             Requested size: 294.42636pt x 175.98029pt.
) (./experiments.tex

[8] (./tables/table_instances.tex)

[9 <./figures/pareto_frontier_dmax_smin.png>]
Overfull \hbox (4.86351pt too wide) in paragraph at lines 91--98
[]\T1/cmr/m/n/10.95 The pro-posed spec-tral par-ti-tion and pro-por-tional
 []

(./tables/table_baselines.tex
Overfull \hbox (26.92787pt too wide) in paragraph at lines 1--31
 [][] 
 []

)
<figures/fair_baseline_coverage.png, id=282, 858.0858pt x 354.6048pt>
File: figures/fair_baseline_coverage.png Graphic file (type png)
<use figures/fair_baseline_coverage.png>
Package pdftex.def Info: figures/fair_baseline_coverage.png  used on input line 125.
(pdftex.def)             Requested size: 217.42265pt x 89.84676pt.
<figures/fair_baseline_weighted_distance.png, id=283, 860.4948pt x 354.6048pt>
File: figures/fair_baseline_weighted_distance.png Graphic file (type png)
<use figures/fair_baseline_weighted_distance.png>
Package pdftex.def Info: figures/fair_baseline_weighted_distance.png  used on input line 130.
(pdftex.def)             Requested size: 217.42265pt x 89.59787pt.


[10 <./figures/fair_baseline_coverage.png> <./figures/fair_baseline_weighted_distance.png>]

[11]
<figures/euclidean_inflation_diagnostic.png, id=304, 571.8966pt x 355.5684pt>
File: figures/euclidean_inflation_diagnostic.png Graphic file (type png)
<use figures/euclidean_inflation_diagnostic.png>
Package pdftex.def Info: figures/euclidean_inflation_diagnostic.png  used on input line 192.
(pdftex.def)             Requested size: 294.42636pt x 183.05737pt.
<figures/revised_openings_map.png, id=306, 788.7066pt x 789.1884pt>
File: figures/revised_openings_map.png Graphic file (type png)
<use figures/revised_openings_map.png>
Package pdftex.def Info: figures/revised_openings_map.png  used on input line 216.
(pdftex.def)             Requested size: 339.72592pt x 339.93445pt.


LaTeX Warning: Reference `tab:sensitivity' on page 1 undefined on input line 228.

(./tables/table_sensitivity.tex)
<figures/sensitivity_panels.png, id=308, 1293.633pt x 282.3348pt>
File: figures/sensitivity_panels.png Graphic file (type png)
<use figures/sensitivity_panels.png>
Package pdftex.def Info: figures/sensitivity_panels.png  used on input line 245.
(pdftex.def)             Requested size: 452.9679pt x 98.85742pt.


LaTeX Warning: Reference `tab:sensitivity' on page 1 undefined on input line 249.


LaTeX Warning: Reference `tab:sensitivity' on page 1 undefined on input line 249.



[12 <./figures/euclidean_inflation_diagnostic.png>]

[13 <./figures/revised_openings_map.png>]
Overfull \hbox (2.68002pt too wide) in paragraph at lines 288--297
 []\T1/cmr/bx/n/10.95 Budget sen-si-tiv-ity.[] [][]\T1/cmr/m/n/10.95 Ta-ble 5[][] re-ports how cov-er-age scales with to-tal bud-get $\OML/cmm/m/it/10.95 P[] \OMS/cmsy/m/n/10.95 2 f\OT1/cmr/m/n/10.95 30\OML/cmm/m/it/10.95 ; \OT1/cmr/m/n/10.95 42\OML/cmm/m/it/10.95 ; \OT1/cmr/m/n/10.95 54\OMS/cmsy/m/n/10.95 g$\T1/cmr/m/n/10.95 .
 []

(./tables/table_budget.tex) (./tables/table_crosscase.tex)
Overfull \hbox (31.37915pt too wide) in paragraph at lines 1--321
 [][] 
 []

) (./discussion.tex

[14 <./figures/sensitivity_panels.png>]

[15]) (./conclusion.tex
Overfull \hbox (2.91505pt too wide) in paragraph at lines 4--12
\T1/cmr/m/n/10.95 ex-pan-sion that in-te-grates pedestrian-network ac-ces-si-bil-ity, graph-based spec-tral clus-ter-ing, MCA-
 []



[16]) (./acknowledgements.tex) (./main.bbl

[17]) (./tables/table_reviewer_response.tex
Underfull \hbox (badness 10000) in paragraph at lines 4--5
[]|\T1/cmr/bx/n/10 Paper sec-
 []


Underfull \hbox (badness 10000) in paragraph at lines 8--9
[]|\T1/cmr/m/n/10 No base-line com-par-i-son
 []


Underfull \hbox (badness 2326) in paragraph at lines 8--9
\T1/cmr/m/n/10 to sim-pler al-ter-na-tives (k-
 []


Underfull \hbox (badness 10000) in paragraph at lines 9--10
[]|[][]\T1/cmr/m/n/10 Section 4.3[][],
 []


Underfull \hbox (badness 7344) in paragraph at lines 10--11
\T1/cmr/m/n/10 i-son, all network-
 []


Overfull \hbox (9.19987pt too wide) in paragraph at lines 11--12
[]|\T1/cmr/bx/n/10 Addressed| 
 []


Underfull \hbox (badness 10000) in paragraph at lines 14--15
[]|[][]\T1/cmr/m/n/10 Section 3.6[][],
 []


Underfull \hbox (badness 10000) in paragraph at lines 15--16
\T1/cmr/m/n/10 search; sen-si-tiv-ity
 []


Overfull \hbox (9.19987pt too wide) in paragraph at lines 16--17
[]|\T1/cmr/bx/n/10 Addressed| 
 []


Underfull \hbox (badness 5231) in paragraph at lines 18--19
[]|\T1/cmr/m/n/10 Assigning 7 open-ings per
 []


Underfull \hbox (badness 10000) in paragraph at lines 19--20
[]|[][]\T1/cmr/m/n/10 Section 3.4[][],
 []


Underfull \hbox (badness 10000) in paragraph at lines 20--21
[]|\T1/cmr/m/n/10 Proportional
 []


Underfull \hbox (badness 10000) in paragraph at lines 20--21
\T1/cmr/m/n/10 demand-weighted
 []


Overfull \hbox (9.19987pt too wide) in paragraph at lines 21--22
[]|\T1/cmr/bx/n/10 Addressed| 
 []


Underfull \hbox (badness 10000) in paragraph at lines 24--25
[]|[][]\T1/cmr/m/n/10 Section 4.3[][],
 []


Underfull \hbox (badness 6775) in paragraph at lines 25--26
[]|\T1/cmr/m/n/10 B3 shows 10--20%
 []


Underfull \hbox (badness 4060) in paragraph at lines 25--26
\T1/cmr/m/n/10 cov-er-age loss from
 []


Overfull \hbox (9.19987pt too wide) in paragraph at lines 26--27
[]|\T1/cmr/bx/n/10 Addressed| 
 []


Underfull \hbox (badness 10000) in paragraph at lines 28--29
[]|\T1/cmr/m/n/10 Cluster-wise op-ti-miza-tion
 []


Underfull \hbox (badness 10000) in paragraph at lines 29--30
[]|[][]\T1/cmr/m/n/10 Section 4.6[][],
 []


Underfull \hbox (badness 10000) in paragraph at lines 30--31
[]|\T1/cmr/m/n/10 Coverage re-ten-tion
 []


Underfull \hbox (badness 1360) in paragraph at lines 30--31
\T1/cmr/m/n/10 93--100% vs. global
 []


Overfull \hbox (9.19987pt too wide) in paragraph at lines 31--32
[]|\T1/cmr/bx/n/10 Addressed| 
 []


Underfull \hbox (badness 10000) in paragraph at lines 34--35
[]|[][]\T1/cmr/m/n/10 Section 4.5[][],
 []


Underfull \hbox (badness 10000) in paragraph at lines 35--36
[]|\T1/cmr/m/n/10 Budget sen-si-tiv-ity
 []


Overfull \hbox (9.19987pt too wide) in paragraph at lines 36--37
[]|\T1/cmr/bx/n/10 Addressed| 
 []


Underfull \hbox (badness 10000) in paragraph at lines 39--40
[]|[][]\T1/cmr/m/n/10 Section 3.3[][],
 []


Underfull \hbox (badness 1681) in paragraph at lines 40--41
\T1/cmr/m/n/10 MCA, bi-plot in-ter-
 []


Overfull \hbox (9.19987pt too wide) in paragraph at lines 41--42
[]|\T1/cmr/bx/n/10 Addressed| 
 []


Underfull \hbox (badness 1048) in paragraph at lines 43--44
[]|\T1/cmr/m/n/10 Lack of ex-ter-nal val-i-da-tion
 []


Underfull \hbox (badness 10000) in paragraph at lines 45--46
[]|\T1/cmr/m/n/10 Acknowledged as
 []


Underfull \hbox (badness 3977) in paragraph at lines 45--46
\T1/cmr/m/n/10 lim-i-ta-tion; in-ter-nal
 []


Underfull \hbox (badness 6094) in paragraph at lines 48--49
[]|\T1/cmr/m/n/10 Threshold for un-der-served
 []


Underfull \hbox (badness 10000) in paragraph at lines 49--50
[]|[][]\T1/cmr/m/n/10 Section 3.1[][],
 []


Overfull \hbox (9.19987pt too wide) in paragraph at lines 51--52
[]|\T1/cmr/bx/n/10 Addressed| 
 []


Underfull \hbox (badness 1831) in paragraph at lines 53--54
[]|\T1/cmr/m/n/10 Contribution is en-gi-neer-ing
 []


Underfull \hbox (badness 3000) in paragraph at lines 55--56
\T1/cmr/m/n/10 ta-tional frame-work;
 []


Overfull \hbox (9.19987pt too wide) in paragraph at lines 56--57
[]|\T1/cmr/bx/n/10 Addressed| 
 []


Underfull \hbox (badness 10000) in paragraph at lines 59--60
[]|[][]\T1/cmr/m/n/10 Section 4.5[][],
 []


Overfull \hbox (9.19987pt too wide) in paragraph at lines 61--62
[]|\T1/cmr/bx/n/10 Addressed| 
 []


Underfull \hbox (badness 1472) in paragraph at lines 63--64
[]|\T1/cmr/m/n/10 Related work lacks crit-i-cal
 []


Underfull \hbox (badness 10000) in paragraph at lines 65--66
[]|\T1/cmr/m/n/10 Thematic com-par-i-
 []


Overfull \hbox (9.19987pt too wide) in paragraph at lines 66--67
[]|\T1/cmr/bx/n/10 Addressed| 
 []

)

LaTeX Warning: `h' float specifier changed to `ht'.



[18]

[19] (./main.aux)
 ***********
LaTeX2e <2025-06-01> patch level 1
L3 programming layer <2025-08-13>
 ***********


LaTeX Warning: There were undefined references.


LaTeX Warning: Label(s) may have changed. Rerun to get cross-references right.

Package rerunfilecheck Info: File `main.out' has not changed.
(rerunfilecheck)             Checksum: CBE4F031C7040D1EC8311F65CB0147C7;4206.
 ) 
Here is how much of TeX's memory you used:
 18419 strings out of 469781
 354911 string characters out of 5481415
 739350 words of memory out of 5000000
 46462 multiletter control sequences out of 15000+600000
 650302 words of font info for 97 fonts, out of 8000000 for 9000
 14 hyphenation exceptions out of 8191
 75i,13n,79p,522b,1138s stack positions out of 10000i,1000n,20000p,200000b,200000s

pdfTeX warning (dest): name{figure.caption.23} has been referenced but does not exist, replaced by a fixed one


pdfTeX warning (dest): name{figure.caption.27} has been referenced but does not exist, replaced by a fixed one

 </Users/marielalvarez/Library/TinyTeX/texmf-var/fonts/pk/ljfour/jknappen/ec/ecrm0700.600pk> </Users/marielalvarez/Library/TinyTeX/texmf-var/fonts/pk/ljfour/jknappen/ec/ecrm0600.600pk> </Users/marielalvarez/Library/TinyTeX/texmf-var/fonts/pk/ljfour/jknappen/ec/ecrm0900.600pk> </Users/marielalvarez/Library/TinyTeX/texmf-var/fonts/pk/ljfour/jknappen/ec/ecbx0900.600pk> </Users/marielalvarez/Library/TinyTeX/texmf-var/fonts/pk/ljfour/jknappen/ec/ecrm0800.600pk> </Users/marielalvarez/Library/TinyTeX/texmf-var/fonts/pk/ljfour/jknappen/ec/ecbx1200.600pk> </Users/marielalvarez/Library/TinyTeX/texmf-var/fonts/pk/ljfour/jknappen/ec/tcrm1095.600pk> </Users/marielalvarez/Library/TinyTeX/texmf-var/fonts/pk/ljfour/jknappen/ec/ecti1095.600pk> </Users/marielalvarez/Library/TinyTeX/texmf-var/fonts/pk/ljfour/jknappen/ec/ecbx1440.600pk> </Users/marielalvarez/Library/TinyTeX/texmf-var/fonts/pk/ljfour/jknappen/ec/ecrm1095.600pk> </Users/marielalvarez/Library/TinyTeX/texmf-var/fonts/pk/ljfour/jknappen/ec/ecbx1095.600pk> </Users/marielalvarez/Library/TinyTeX/texmf-var/fonts/pk/ljfour/jknappen/ec/ecti1000.600pk> </Users/marielalvarez/Library/TinyTeX/texmf-var/fonts/pk/ljfour/jknappen/ec/ecbx1000.600pk> </Users/marielalvarez/Library/TinyTeX/texmf-var/fonts/pk/ljfour/jknappen/ec/ecrm1000.600pk> </Users/marielalvarez/Library/TinyTeX/texmf-var/fonts/pk/ljfour/jknappen/ec/ecrm1200.600pk> </Users/marielalvarez/Library/TinyTeX/texmf-var/fonts/pk/ljfour/jknappen/ec/ecbx1728.600pk></Users/marielalvarez/Library/TinyTeX/texmf-dist/fonts/type1/public/amsfonts/cm/cmex10.pfb></Users/marielalvarez/Library/TinyTeX/texmf-dist/fonts/type1/public/amsfonts/cm/cmmi10.pfb></Users/marielalvarez/Library/TinyTeX/texmf-dist/fonts/type1/public/amsfonts/cm/cmmi6.pfb></Users/marielalvarez/Library/TinyTeX/texmf-dist/fonts/type1/public/amsfonts/cm/cmmi8.pfb></Users/marielalvarez/Library/TinyTeX/texmf-dist/fonts/type1/public/amsfonts/cm/cmmi9.pfb></Users/marielalvarez/Library/TinyTeX/texmf-dist/fonts/type1/public/amsfonts/cm/cmr10.pfb></Users/marielalvarez/Library/TinyTeX/texmf-dist/fonts/type1/public/amsfonts/cm/cmr7.pfb></Users/marielalvarez/Library/TinyTeX/texmf-dist/fonts/type1/public/amsfonts/cm/cmr8.pfb></Users/marielalvarez/Library/TinyTeX/texmf-dist/fonts/type1/public/amsfonts/cm/cmr9.pfb></Users/marielalvarez/Library/TinyTeX/texmf-dist/fonts/type1/public/amsfonts/cm/cmsy10.pfb></Users/marielalvarez/Library/TinyTeX/texmf-dist/fonts/type1/public/amsfonts/cm/cmsy6.pfb></Users/marielalvarez/Library/TinyTeX/texmf-dist/fonts/type1/public/amsfonts/cm/cmsy7.pfb></Users/marielalvarez/Library/TinyTeX/texmf-dist/fonts/type1/public/amsfonts/cm/cmsy8.pfb></Users/marielalvarez/Library/TinyTeX/texmf-dist/fonts/type1/public/amsfonts/cm/cmsy9.pfb>
Output written on main.pdf (19 pages, 3440438 bytes).
PDF statistics:
 1033 PDF objects out of 1200 (max. 8388607)
 446 compressed objects within 5 object streams
 109 named destinations out of 1000 (max. 500000)
 258 words of extra memory for PDF output out of 10000 (max. 10000000)

